Time-shared computer model

Number of terminals       55 to  65 by    1

Mean think time       25.000 seconds

Mean service time      0.800 seconds

Quantum                0.100 seconds

Swap time              0.015 seconds

Number of jobs processed        1000


Number of      Average         Average       Utilization
terminals   response time  number in queue     of CPU

   55          22.111          24.677           1.000

   56          27.637          28.759           1.000

   57          27.156          28.794           0.997

   58          26.787          28.069           1.000

   59          26.998          30.007           1.000

   60          26.245          30.032           1.000

   61          28.203          30.684           0.999

   62          30.635          32.597           0.999

   63          33.390          36.311           0.999

   64          30.268          33.112           1.000

   65          33.267          36.323           1.000