Time-shared computer model

Number of terminals       55 to  65 by    1

Mean think time       25.000 seconds

Mean service time      0.800 seconds

Quantum                0.100 seconds

Swap time              0.015 seconds

Number of jobs processed        1000


Number of      Average         Average       Utilization
terminals   response time  number in queue     of CPU

   55          25.377          26.791           1.000

   56          25.043          27.225           0.999

   57          26.526          28.100           0.999

   58          27.799          30.127           1.000

   59          34.101          33.336           0.999

   60          30.754          32.093           1.000

   61          34.495          34.246           0.999

   62          31.320          33.194           1.000

   63          29.779          33.205           1.000

   64          31.371          35.261           1.000

   65          33.402          36.292           0.999